mode: atomic
github.com/berezovskyivalerii/tickersvc/cmd/api/main.go:10.13,12.16 2 0
github.com/berezovskyivalerii/tickersvc/cmd/api/main.go:12.16,12.33 1 0
github.com/berezovskyivalerii/tickersvc/cmd/api/main.go:14.2,15.16 2 0
github.com/berezovskyivalerii/tickersvc/cmd/api/main.go:15.16,15.34 1 0
github.com/berezovskyivalerii/tickersvc/cmd/api/main.go:17.2,17.42 1 0
github.com/berezovskyivalerii/tickersvc/cmd/api/main.go:17.42,19.3 1 0
github.com/berezovskyivalerii/tickersvc/internal/adapter/gateway/exchange/binance/client.go:17.20,17.80 1 0
github.com/berezovskyivalerii/tickersvc/internal/adapter/gateway/exchange/binance/client.go:18.34,18.55 1 0
github.com/berezovskyivalerii/tickersvc/internal/adapter/gateway/exchange/binance/client.go:19.34,19.54 1 0
github.com/berezovskyivalerii/tickersvc/internal/adapter/gateway/exchange/binance/client.go:30.74,32.70 2 0
github.com/berezovskyivalerii/tickersvc/internal/adapter/gateway/exchange/binance/client.go:32.70,34.3 1 0
github.com/berezovskyivalerii/tickersvc/internal/adapter/gateway/exchange/binance/client.go:35.2,36.30 2 0
github.com/berezovskyivalerii/tickersvc/internal/adapter/gateway/exchange/binance/client.go:36.30,43.3 2 0
github.com/berezovskyivalerii/tickersvc/internal/adapter/gateway/exchange/binance/client.go:44.2,44.17 1 0
github.com/berezovskyivalerii/tickersvc/internal/adapter/gateway/exchange/binance/client.go:48.77,59.68 4 0
github.com/berezovskyivalerii/tickersvc/internal/adapter/gateway/exchange/binance/client.go:59.68,61.3 1 0
github.com/berezovskyivalerii/tickersvc/internal/adapter/gateway/exchange/binance/client.go:62.2,63.30 2 0
github.com/berezovskyivalerii/tickersvc/internal/adapter/gateway/exchange/binance/client.go:63.30,70.3 2 0
github.com/berezovskyivalerii/tickersvc/internal/adapter/gateway/exchange/binance/client.go:71.2,71.17 1 0
github.com/berezovskyivalerii/tickersvc/internal/adapter/gateway/dbping/dbping.go:12.29,12.44 1 0
github.com/berezovskyivalerii/tickersvc/internal/adapter/gateway/dbping/dbping.go:14.49,16.2 1 0
github.com/berezovskyivalerii/tickersvc/internal/adapter/gateway/exchange/common/httpclient.go:18.31,29.2 1 0
github.com/berezovskyivalerii/tickersvc/internal/adapter/gateway/exchange/common/httpclient.go:31.73,33.16 2 0
github.com/berezovskyivalerii/tickersvc/internal/adapter/gateway/exchange/common/httpclient.go:33.16,33.30 1 0
github.com/berezovskyivalerii/tickersvc/internal/adapter/gateway/exchange/common/httpclient.go:34.2,35.16 2 0
github.com/berezovskyivalerii/tickersvc/internal/adapter/gateway/exchange/common/httpclient.go:35.16,35.30 1 0
github.com/berezovskyivalerii/tickersvc/internal/adapter/gateway/exchange/common/httpclient.go:36.2,37.27 2 0
github.com/berezovskyivalerii/tickersvc/internal/adapter/gateway/exchange/common/httpclient.go:37.27,40.3 2 0
github.com/berezovskyivalerii/tickersvc/internal/adapter/gateway/exchange/common/httpclient.go:41.2,41.44 1 0
github.com/berezovskyivalerii/tickersvc/internal/adapter/gateway/exchange/robinhood/client.go:15.20,15.82 1 0
github.com/berezovskyivalerii/tickersvc/internal/adapter/gateway/exchange/robinhood/client.go:16.34,16.55 1 0
github.com/berezovskyivalerii/tickersvc/internal/adapter/gateway/exchange/robinhood/client.go:17.34,17.56 1 0
github.com/berezovskyivalerii/tickersvc/internal/adapter/gateway/exchange/robinhood/client.go:32.74,35.73 2 0
github.com/berezovskyivalerii/tickersvc/internal/adapter/gateway/exchange/robinhood/client.go:35.73,37.3 1 0
github.com/berezovskyivalerii/tickersvc/internal/adapter/gateway/exchange/robinhood/client.go:38.2,39.30 2 0
github.com/berezovskyivalerii/tickersvc/internal/adapter/gateway/exchange/robinhood/client.go:39.30,44.19 5 0
github.com/berezovskyivalerii/tickersvc/internal/adapter/gateway/exchange/robinhood/client.go:44.19,44.44 1 0
github.com/berezovskyivalerii/tickersvc/internal/adapter/gateway/exchange/robinhood/client.go:45.3,48.5 1 0
github.com/berezovskyivalerii/tickersvc/internal/adapter/gateway/exchange/robinhood/client.go:50.2,50.17 1 0
github.com/berezovskyivalerii/tickersvc/internal/adapter/gateway/exchange/robinhood/client.go:53.77,53.96 1 0
github.com/berezovskyivalerii/tickersvc/internal/adapter/presenter/health/json.go:20.55,22.41 2 0
github.com/berezovskyivalerii/tickersvc/internal/adapter/presenter/health/json.go:22.41,24.3 1 0
github.com/berezovskyivalerii/tickersvc/internal/adapter/presenter/health/json.go:25.2,34.31 2 0
github.com/berezovskyivalerii/tickersvc/internal/adapter/presenter/health/json.go:34.31,36.3 1 0
github.com/berezovskyivalerii/tickersvc/internal/adapter/presenter/health/json.go:37.2,37.19 1 0
github.com/berezovskyivalerii/tickersvc/internal/app/wire.go:34.32,34.70 1 0
github.com/berezovskyivalerii/tickersvc/internal/app/wire.go:35.32,35.55 1 0
github.com/berezovskyivalerii/tickersvc/internal/app/wire.go:37.35,39.15 2 0
github.com/berezovskyivalerii/tickersvc/internal/app/wire.go:39.15,41.3 1 0
github.com/berezovskyivalerii/tickersvc/internal/app/wire.go:43.2,44.16 2 0
github.com/berezovskyivalerii/tickersvc/internal/app/wire.go:44.16,46.3 1 0
github.com/berezovskyivalerii/tickersvc/internal/app/wire.go:49.2,69.71 9 0
github.com/berezovskyivalerii/tickersvc/internal/app/wire.go:69.71,71.14 2 0
github.com/berezovskyivalerii/tickersvc/internal/app/wire.go:71.14,71.35 1 0
github.com/berezovskyivalerii/tickersvc/internal/app/wire.go:74.2,84.27 3 0
github.com/berezovskyivalerii/tickersvc/internal/app/wire.go:84.27,85.20 1 0
github.com/berezovskyivalerii/tickersvc/internal/app/wire.go:85.20,85.30 1 0
github.com/berezovskyivalerii/tickersvc/internal/app/wire.go:86.3,86.33 1 0
github.com/berezovskyivalerii/tickersvc/internal/app/wire.go:89.2,113.51 9 0
github.com/berezovskyivalerii/tickersvc/internal/app/wire.go:113.51,115.17 2 0
github.com/berezovskyivalerii/tickersvc/internal/app/wire.go:115.17,118.4 2 0
github.com/berezovskyivalerii/tickersvc/internal/app/wire.go:119.3,119.41 1 0
github.com/berezovskyivalerii/tickersvc/internal/app/wire.go:124.2,124.46 1 0
github.com/berezovskyivalerii/tickersvc/internal/app/wire.go:124.46,127.17 2 0
github.com/berezovskyivalerii/tickersvc/internal/app/wire.go:127.17,130.4 2 0
github.com/berezovskyivalerii/tickersvc/internal/app/wire.go:133.3,134.57 2 0
github.com/berezovskyivalerii/tickersvc/internal/app/wire.go:134.57,137.4 2 0
github.com/berezovskyivalerii/tickersvc/internal/app/wire.go:138.3,138.57 1 0
github.com/berezovskyivalerii/tickersvc/internal/app/wire.go:138.57,141.4 2 0
github.com/berezovskyivalerii/tickersvc/internal/app/wire.go:143.3,144.17 2 0
github.com/berezovskyivalerii/tickersvc/internal/app/wire.go:144.17,147.4 2 0
github.com/berezovskyivalerii/tickersvc/internal/app/wire.go:148.3,151.5 1 0
github.com/berezovskyivalerii/tickersvc/internal/app/wire.go:154.2,157.20 3 0
github.com/berezovskyivalerii/tickersvc/internal/infra/http/router.go:5.30,9.2 3 0
github.com/berezovskyivalerii/tickersvc/internal/infra/logx/logx.go:9.25,11.49 2 0
github.com/berezovskyivalerii/tickersvc/internal/infra/logx/logx.go:12.15,13.29 1 0
github.com/berezovskyivalerii/tickersvc/internal/infra/logx/logx.go:14.14,15.28 1 0
github.com/berezovskyivalerii/tickersvc/internal/infra/logx/logx.go:16.15,17.29 1 0
github.com/berezovskyivalerii/tickersvc/internal/infra/logx/logx.go:18.10,19.28 1 0
github.com/berezovskyivalerii/tickersvc/internal/infra/logx/logx.go:22.2,23.56 2 0
github.com/berezovskyivalerii/tickersvc/internal/infra/logx/logx.go:23.56,25.3 1 0
github.com/berezovskyivalerii/tickersvc/internal/infra/logx/logx.go:25.8,27.3 1 0
github.com/berezovskyivalerii/tickersvc/internal/infra/logx/logx.go:28.2,28.20 1 0
github.com/berezovskyivalerii/tickersvc/internal/infra/store/postgres.go:10.48,12.16 2 0
github.com/berezovskyivalerii/tickersvc/internal/infra/store/postgres.go:12.16,12.35 1 0
github.com/berezovskyivalerii/tickersvc/internal/infra/store/postgres.go:13.2,16.16 4 0
github.com/berezovskyivalerii/tickersvc/internal/adapter/gateway/exchange/bybit/client.go:16.20,16.78 1 0
github.com/berezovskyivalerii/tickersvc/internal/adapter/gateway/exchange/bybit/client.go:18.42,20.2 1 1
github.com/berezovskyivalerii/tickersvc/internal/adapter/gateway/exchange/bybit/client.go:22.34,22.55 1 0
github.com/berezovskyivalerii/tickersvc/internal/adapter/gateway/exchange/bybit/client.go:23.34,23.52 1 0
github.com/berezovskyivalerii/tickersvc/internal/adapter/gateway/exchange/bybit/client.go:39.90,41.91 2 3
github.com/berezovskyivalerii/tickersvc/internal/adapter/gateway/exchange/bybit/client.go:41.91,43.3 1 0
github.com/berezovskyivalerii/tickersvc/internal/adapter/gateway/exchange/bybit/client.go:44.2,45.35 2 3
github.com/berezovskyivalerii/tickersvc/internal/adapter/gateway/exchange/bybit/client.go:45.35,48.28 3 3
github.com/berezovskyivalerii/tickersvc/internal/adapter/gateway/exchange/bybit/client.go:48.28,49.78 1 1
github.com/berezovskyivalerii/tickersvc/internal/adapter/gateway/exchange/bybit/client.go:49.78,51.24 2 1
github.com/berezovskyivalerii/tickersvc/internal/adapter/gateway/exchange/bybit/client.go:51.24,53.6 1 1
github.com/berezovskyivalerii/tickersvc/internal/adapter/gateway/exchange/bybit/client.go:56.3,57.42 2 3
github.com/berezovskyivalerii/tickersvc/internal/adapter/gateway/exchange/bybit/client.go:57.42,57.70 1 1
github.com/berezovskyivalerii/tickersvc/internal/adapter/gateway/exchange/bybit/client.go:58.3,62.5 1 3
github.com/berezovskyivalerii/tickersvc/internal/adapter/gateway/exchange/bybit/client.go:64.2,64.17 1 3
github.com/berezovskyivalerii/tickersvc/internal/adapter/gateway/exchange/bybit/client.go:67.74,69.2 1 1
github.com/berezovskyivalerii/tickersvc/internal/adapter/gateway/exchange/bybit/client.go:71.77,73.16 2 1
github.com/berezovskyivalerii/tickersvc/internal/adapter/gateway/exchange/bybit/client.go:73.16,73.35 1 0
github.com/berezovskyivalerii/tickersvc/internal/adapter/gateway/exchange/bybit/client.go:74.2,75.16 2 1
github.com/berezovskyivalerii/tickersvc/internal/adapter/gateway/exchange/bybit/client.go:75.16,75.35 1 0
github.com/berezovskyivalerii/tickersvc/internal/adapter/gateway/exchange/bybit/client.go:76.2,76.33 1 1
github.com/berezovskyivalerii/tickersvc/internal/adapter/gateway/exchange/bithumb/client.go:16.20,16.80 1 0
github.com/berezovskyivalerii/tickersvc/internal/adapter/gateway/exchange/bithumb/client.go:18.42,20.2 1 1
github.com/berezovskyivalerii/tickersvc/internal/adapter/gateway/exchange/bithumb/client.go:22.34,22.55 1 0
github.com/berezovskyivalerii/tickersvc/internal/adapter/gateway/exchange/bithumb/client.go:23.34,23.54 1 0
github.com/berezovskyivalerii/tickersvc/internal/adapter/gateway/exchange/bithumb/client.go:30.87,33.17 3 3
github.com/berezovskyivalerii/tickersvc/internal/adapter/gateway/exchange/bithumb/client.go:33.17,33.48 1 1
github.com/berezovskyivalerii/tickersvc/internal/adapter/gateway/exchange/bithumb/client.go:34.2,34.52 1 3
github.com/berezovskyivalerii/tickersvc/internal/adapter/gateway/exchange/bithumb/client.go:34.52,36.3 1 1
github.com/berezovskyivalerii/tickersvc/internal/adapter/gateway/exchange/bithumb/client.go:38.2,39.51 2 2
github.com/berezovskyivalerii/tickersvc/internal/adapter/gateway/exchange/bithumb/client.go:39.51,41.3 1 0
github.com/berezovskyivalerii/tickersvc/internal/adapter/gateway/exchange/bithumb/client.go:42.2,43.22 2 2
github.com/berezovskyivalerii/tickersvc/internal/adapter/gateway/exchange/bithumb/client.go:43.22,44.38 1 4
github.com/berezovskyivalerii/tickersvc/internal/adapter/gateway/exchange/bithumb/client.go:44.38,44.48 1 2
github.com/berezovskyivalerii/tickersvc/internal/adapter/gateway/exchange/bithumb/client.go:45.3,46.18 2 2
github.com/berezovskyivalerii/tickersvc/internal/adapter/gateway/exchange/bithumb/client.go:46.18,46.48 1 1
github.com/berezovskyivalerii/tickersvc/internal/adapter/gateway/exchange/bithumb/client.go:48.3,52.5 1 2
github.com/berezovskyivalerii/tickersvc/internal/adapter/gateway/exchange/bithumb/client.go:54.2,54.17 1 2
github.com/berezovskyivalerii/tickersvc/internal/adapter/gateway/exchange/bithumb/client.go:57.74,59.16 2 1
github.com/berezovskyivalerii/tickersvc/internal/adapter/gateway/exchange/bithumb/client.go:59.16,59.35 1 0
github.com/berezovskyivalerii/tickersvc/internal/adapter/gateway/exchange/bithumb/client.go:60.2,62.50 3 1
github.com/berezovskyivalerii/tickersvc/internal/adapter/gateway/exchange/bithumb/client.go:65.77,67.2 1 0
github.com/berezovskyivalerii/tickersvc/internal/usecase/health/clock.go:7.33,7.54 1 0
github.com/berezovskyivalerii/tickersvc/internal/usecase/health/readiness.go:34.95,35.21 1 0
github.com/berezovskyivalerii/tickersvc/internal/usecase/health/readiness.go:35.21,37.3 1 0
github.com/berezovskyivalerii/tickersvc/internal/usecase/health/readiness.go:38.2,41.31 3 0
github.com/berezovskyivalerii/tickersvc/internal/usecase/health/readiness.go:41.31,46.17 4 0
github.com/berezovskyivalerii/tickersvc/internal/usecase/health/readiness.go:46.17,49.4 2 0
github.com/berezovskyivalerii/tickersvc/internal/usecase/health/readiness.go:49.9,51.4 1 0
github.com/berezovskyivalerii/tickersvc/internal/usecase/health/readiness.go:54.2,63.3 2 0
github.com/berezovskyivalerii/tickersvc/internal/adapter/controller/http/health.go:12.101,14.2 1 0
github.com/berezovskyivalerii/tickersvc/internal/adapter/controller/http/health.go:20.65,22.2 1 0
github.com/berezovskyivalerii/tickersvc/internal/adapter/controller/http/health.go:24.52,27.2 2 0
github.com/berezovskyivalerii/tickersvc/internal/adapter/controller/http/health.go:29.48,33.2 3 0
github.com/berezovskyivalerii/tickersvc/internal/adapter/controller/http/health.go:35.49,39.2 3 0
github.com/berezovskyivalerii/tickersvc/internal/adapter/controller/http/list.go:15.60,15.93 1 7
github.com/berezovskyivalerii/tickersvc/internal/adapter/controller/http/list.go:17.51,21.2 3 7
github.com/berezovskyivalerii/tickersvc/internal/adapter/controller/http/list.go:23.49,25.16 2 2
github.com/berezovskyivalerii/tickersvc/internal/adapter/controller/http/list.go:25.16,28.3 2 1
github.com/berezovskyivalerii/tickersvc/internal/adapter/controller/http/list.go:29.2,29.30 1 1
github.com/berezovskyivalerii/tickersvc/internal/adapter/controller/http/list.go:32.54,35.16 3 3
github.com/berezovskyivalerii/tickersvc/internal/adapter/controller/http/list.go:35.16,38.3 2 1
github.com/berezovskyivalerii/tickersvc/internal/adapter/controller/http/list.go:39.2,39.30 1 2
github.com/berezovskyivalerii/tickersvc/internal/adapter/controller/http/list.go:42.52,45.28 3 6
github.com/berezovskyivalerii/tickersvc/internal/adapter/controller/http/list.go:45.28,48.3 2 4
github.com/berezovskyivalerii/tickersvc/internal/adapter/controller/http/list.go:50.2,52.16 3 2
github.com/berezovskyivalerii/tickersvc/internal/adapter/controller/http/list.go:52.16,55.3 2 1
github.com/berezovskyivalerii/tickersvc/internal/adapter/controller/http/list.go:57.2,57.26 1 1
github.com/berezovskyivalerii/tickersvc/internal/adapter/controller/http/list.go:57.26,58.12 1 2
github.com/berezovskyivalerii/tickersvc/internal/adapter/controller/http/list.go:58.12,60.4 1 1
github.com/berezovskyivalerii/tickersvc/internal/adapter/controller/http/list.go:61.3,61.28 1 2
github.com/berezovskyivalerii/tickersvc/internal/adapter/controller/http/list.go:63.2,64.57 2 1
github.com/berezovskyivalerii/tickersvc/internal/adapter/controller/http/update.go:16.65,16.101 1 0
github.com/berezovskyivalerii/tickersvc/internal/adapter/controller/http/update.go:18.52,20.2 1 0
github.com/berezovskyivalerii/tickersvc/internal/adapter/controller/http/update.go:22.53,26.58 2 0
github.com/berezovskyivalerii/tickersvc/internal/adapter/controller/http/update.go:26.58,30.3 2 0
github.com/berezovskyivalerii/tickersvc/internal/adapter/controller/http/update.go:31.2,31.58 1 0
github.com/berezovskyivalerii/tickersvc/internal/adapter/controller/http/update.go:31.58,34.3 2 0
github.com/berezovskyivalerii/tickersvc/internal/adapter/controller/http/update.go:36.2,37.16 2 0
github.com/berezovskyivalerii/tickersvc/internal/adapter/controller/http/update.go:37.16,40.3 2 0
github.com/berezovskyivalerii/tickersvc/internal/adapter/controller/http/update.go:41.2,41.48 1 0
github.com/berezovskyivalerii/tickersvc/internal/adapter/gateway/exchange/coinbase/client.go:15.20,15.90 1 0
github.com/berezovskyivalerii/tickersvc/internal/adapter/gateway/exchange/coinbase/client.go:17.42,19.2 1 1
github.com/berezovskyivalerii/tickersvc/internal/adapter/gateway/exchange/coinbase/client.go:21.34,21.55 1 0
github.com/berezovskyivalerii/tickersvc/internal/adapter/gateway/exchange/coinbase/client.go:22.34,22.55 1 0
github.com/berezovskyivalerii/tickersvc/internal/adapter/gateway/exchange/coinbase/client.go:31.74,33.61 2 1
github.com/berezovskyivalerii/tickersvc/internal/adapter/gateway/exchange/coinbase/client.go:33.61,35.3 1 0
github.com/berezovskyivalerii/tickersvc/internal/adapter/gateway/exchange/coinbase/client.go:36.2,37.24 2 1
github.com/berezovskyivalerii/tickersvc/internal/adapter/gateway/exchange/coinbase/client.go:37.24,44.3 2 2
github.com/berezovskyivalerii/tickersvc/internal/adapter/gateway/exchange/coinbase/client.go:45.2,45.17 1 1
github.com/berezovskyivalerii/tickersvc/internal/adapter/gateway/exchange/coinbase/client.go:48.77,51.2 1 0
github.com/berezovskyivalerii/tickersvc/internal/adapter/gateway/exchange/okx/client.go:16.20,16.76 1 0
github.com/berezovskyivalerii/tickersvc/internal/adapter/gateway/exchange/okx/client.go:18.42,20.2 1 1
github.com/berezovskyivalerii/tickersvc/internal/adapter/gateway/exchange/okx/client.go:22.34,22.55 1 0
github.com/berezovskyivalerii/tickersvc/internal/adapter/gateway/exchange/okx/client.go:23.34,23.50 1 0
github.com/berezovskyivalerii/tickersvc/internal/adapter/gateway/exchange/okx/client.go:36.34,37.13 1 2
github.com/berezovskyivalerii/tickersvc/internal/adapter/gateway/exchange/okx/client.go:37.13,37.27 1 1
github.com/berezovskyivalerii/tickersvc/internal/adapter/gateway/exchange/okx/client.go:38.2,38.63 2 1
github.com/berezovskyivalerii/tickersvc/internal/adapter/gateway/exchange/okx/client.go:38.63,38.77 1 0
github.com/berezovskyivalerii/tickersvc/internal/adapter/gateway/exchange/okx/client.go:39.2,39.36 2 1
github.com/berezovskyivalerii/tickersvc/internal/adapter/gateway/exchange/okx/client.go:39.36,39.50 1 0
github.com/berezovskyivalerii/tickersvc/internal/adapter/gateway/exchange/okx/client.go:40.2,40.11 1 1
github.com/berezovskyivalerii/tickersvc/internal/adapter/gateway/exchange/okx/client.go:43.87,46.52 3 2
github.com/berezovskyivalerii/tickersvc/internal/adapter/gateway/exchange/okx/client.go:46.52,48.3 1 0
github.com/berezovskyivalerii/tickersvc/internal/adapter/gateway/exchange/okx/client.go:49.2,50.27 2 2
github.com/berezovskyivalerii/tickersvc/internal/adapter/gateway/exchange/okx/client.go:50.27,53.44 3 2
github.com/berezovskyivalerii/tickersvc/internal/adapter/gateway/exchange/okx/client.go:53.44,53.72 1 1
github.com/berezovskyivalerii/tickersvc/internal/adapter/gateway/exchange/okx/client.go:54.3,58.5 1 2
github.com/berezovskyivalerii/tickersvc/internal/adapter/gateway/exchange/okx/client.go:60.2,60.17 1 2
github.com/berezovskyivalerii/tickersvc/internal/adapter/gateway/exchange/okx/client.go:63.76,63.108 1 1
github.com/berezovskyivalerii/tickersvc/internal/adapter/gateway/exchange/okx/client.go:64.76,64.108 1 1
github.com/berezovskyivalerii/tickersvc/internal/adapter/gateway/exchange/upbit/client.go:15.20,15.78 1 0
github.com/berezovskyivalerii/tickersvc/internal/adapter/gateway/exchange/upbit/client.go:17.42,19.2 1 0
github.com/berezovskyivalerii/tickersvc/internal/adapter/gateway/exchange/upbit/client.go:21.34,21.55 1 3
github.com/berezovskyivalerii/tickersvc/internal/adapter/gateway/exchange/upbit/client.go:22.34,22.52 1 0
github.com/berezovskyivalerii/tickersvc/internal/adapter/gateway/exchange/upbit/client.go:28.74,30.82 2 1
github.com/berezovskyivalerii/tickersvc/internal/adapter/gateway/exchange/upbit/client.go:30.82,32.3 1 0
github.com/berezovskyivalerii/tickersvc/internal/adapter/gateway/exchange/upbit/client.go:33.2,34.24 2 1
github.com/berezovskyivalerii/tickersvc/internal/adapter/gateway/exchange/upbit/client.go:34.24,36.22 2 3
github.com/berezovskyivalerii/tickersvc/internal/adapter/gateway/exchange/upbit/client.go:36.22,36.32 1 0
github.com/berezovskyivalerii/tickersvc/internal/adapter/gateway/exchange/upbit/client.go:37.3,41.5 2 3
github.com/berezovskyivalerii/tickersvc/internal/adapter/gateway/exchange/upbit/client.go:43.2,43.17 1 1
github.com/berezovskyivalerii/tickersvc/internal/adapter/gateway/exchange/upbit/client.go:46.77,48.2 1 0
github.com/berezovskyivalerii/tickersvc/internal/adapter/gateway/postgres/listdefs_repo.go:12.48,12.80 1 0
github.com/berezovskyivalerii/tickersvc/internal/adapter/gateway/postgres/listdefs_repo.go:14.106,23.44 3 0
github.com/berezovskyivalerii/tickersvc/internal/adapter/gateway/postgres/listdefs_repo.go:23.44,26.3 2 0
github.com/berezovskyivalerii/tickersvc/internal/adapter/gateway/postgres/listdefs_repo.go:27.2,27.44 1 0
github.com/berezovskyivalerii/tickersvc/internal/adapter/gateway/postgres/listdefs_repo.go:27.44,28.21 1 0
github.com/berezovskyivalerii/tickersvc/internal/adapter/gateway/postgres/listdefs_repo.go:28.21,30.4 1 0
github.com/berezovskyivalerii/tickersvc/internal/adapter/gateway/postgres/listdefs_repo.go:30.9,32.4 1 0
github.com/berezovskyivalerii/tickersvc/internal/adapter/gateway/postgres/listdefs_repo.go:33.3,33.35 1 0
github.com/berezovskyivalerii/tickersvc/internal/adapter/gateway/postgres/listdefs_repo.go:35.2,38.16 3 0
github.com/berezovskyivalerii/tickersvc/internal/adapter/gateway/postgres/listdefs_repo.go:38.16,38.35 1 0
github.com/berezovskyivalerii/tickersvc/internal/adapter/gateway/postgres/listdefs_repo.go:39.2,42.18 3 0
github.com/berezovskyivalerii/tickersvc/internal/adapter/gateway/postgres/listdefs_repo.go:42.18,44.107 2 0
github.com/berezovskyivalerii/tickersvc/internal/adapter/gateway/postgres/listdefs_repo.go:44.107,46.4 1 0
github.com/berezovskyivalerii/tickersvc/internal/adapter/gateway/postgres/listdefs_repo.go:47.3,47.23 1 0
github.com/berezovskyivalerii/tickersvc/internal/adapter/gateway/postgres/listdefs_repo.go:49.2,49.24 1 0
github.com/berezovskyivalerii/tickersvc/internal/adapter/gateway/postgres/lists_query_repo.go:13.52,13.86 1 0
github.com/berezovskyivalerii/tickersvc/internal/adapter/gateway/postgres/lists_query_repo.go:15.92,22.16 2 0
github.com/berezovskyivalerii/tickersvc/internal/adapter/gateway/postgres/lists_query_repo.go:22.16,22.35 1 0
github.com/berezovskyivalerii/tickersvc/internal/adapter/gateway/postgres/lists_query_repo.go:23.2,26.18 3 0
github.com/berezovskyivalerii/tickersvc/internal/adapter/gateway/postgres/lists_query_repo.go:26.18,28.48 2 0
github.com/berezovskyivalerii/tickersvc/internal/adapter/gateway/postgres/lists_query_repo.go:28.48,28.67 1 0
github.com/berezovskyivalerii/tickersvc/internal/adapter/gateway/postgres/lists_query_repo.go:29.3,29.35 1 0
github.com/berezovskyivalerii/tickersvc/internal/adapter/gateway/postgres/lists_query_repo.go:31.2,31.24 1 0
github.com/berezovskyivalerii/tickersvc/internal/adapter/gateway/postgres/lists_query_repo.go:34.111,43.16 2 0
github.com/berezovskyivalerii/tickersvc/internal/adapter/gateway/postgres/lists_query_repo.go:43.16,43.35 1 0
github.com/berezovskyivalerii/tickersvc/internal/adapter/gateway/postgres/lists_query_repo.go:44.2,47.18 3 0
github.com/berezovskyivalerii/tickersvc/internal/adapter/gateway/postgres/lists_query_repo.go:47.18,49.54 2 0
github.com/berezovskyivalerii/tickersvc/internal/adapter/gateway/postgres/lists_query_repo.go:49.54,49.73 1 0
github.com/berezovskyivalerii/tickersvc/internal/adapter/gateway/postgres/lists_query_repo.go:50.3,50.45 1 0
github.com/berezovskyivalerii/tickersvc/internal/adapter/gateway/postgres/lists_query_repo.go:52.2,52.24 1 0
github.com/berezovskyivalerii/tickersvc/internal/adapter/gateway/postgres/lists_query_repo.go:55.98,63.16 2 0
github.com/berezovskyivalerii/tickersvc/internal/adapter/gateway/postgres/lists_query_repo.go:63.16,63.35 1 0
github.com/berezovskyivalerii/tickersvc/internal/adapter/gateway/postgres/lists_query_repo.go:64.2,67.18 3 0
github.com/berezovskyivalerii/tickersvc/internal/adapter/gateway/postgres/lists_query_repo.go:67.18,69.60 2 0
github.com/berezovskyivalerii/tickersvc/internal/adapter/gateway/postgres/lists_query_repo.go:69.60,69.79 1 0
github.com/berezovskyivalerii/tickersvc/internal/adapter/gateway/postgres/lists_query_repo.go:70.3,70.22 1 0
github.com/berezovskyivalerii/tickersvc/internal/adapter/gateway/postgres/lists_query_repo.go:70.22,70.58 1 0
github.com/berezovskyivalerii/tickersvc/internal/adapter/gateway/postgres/lists_query_repo.go:71.3,71.55 1 0
github.com/berezovskyivalerii/tickersvc/internal/adapter/gateway/postgres/lists_query_repo.go:74.2,74.23 1 0
github.com/berezovskyivalerii/tickersvc/internal/adapter/gateway/postgres/lists_query_repo.go:74.23,75.29 1 0
github.com/berezovskyivalerii/tickersvc/internal/adapter/gateway/postgres/lists_query_repo.go:75.29,79.4 3 0
github.com/berezovskyivalerii/tickersvc/internal/adapter/gateway/postgres/lists_query_repo.go:81.2,81.24 1 0
github.com/berezovskyivalerii/tickersvc/internal/adapter/gateway/postgres/lists_repo.go:15.42,15.71 1 2
github.com/berezovskyivalerii/tickersvc/internal/adapter/gateway/postgres/lists_repo.go:17.105,19.16 2 3
github.com/berezovskyivalerii/tickersvc/internal/adapter/gateway/postgres/lists_repo.go:19.16,19.33 1 0
github.com/berezovskyivalerii/tickersvc/internal/adapter/gateway/postgres/lists_repo.go:20.2,20.41 1 3
github.com/berezovskyivalerii/tickersvc/internal/adapter/gateway/postgres/lists_repo.go:20.41,20.75 2 1
github.com/berezovskyivalerii/tickersvc/internal/adapter/gateway/postgres/lists_repo.go:22.2,24.16 3 3
github.com/berezovskyivalerii/tickersvc/internal/adapter/gateway/postgres/lists_repo.go:24.16,24.79 1 1
github.com/berezovskyivalerii/tickersvc/internal/adapter/gateway/postgres/lists_repo.go:26.2,27.16 2 2
github.com/berezovskyivalerii/tickersvc/internal/adapter/gateway/postgres/lists_repo.go:27.16,27.40 1 0
github.com/berezovskyivalerii/tickersvc/internal/adapter/gateway/postgres/lists_repo.go:30.2,30.127 1 2
github.com/berezovskyivalerii/tickersvc/internal/adapter/gateway/postgres/lists_repo.go:30.127,32.3 1 0
github.com/berezovskyivalerii/tickersvc/internal/adapter/gateway/postgres/lists_repo.go:34.2,34.36 1 2
github.com/berezovskyivalerii/tickersvc/internal/adapter/gateway/postgres/lists_repo.go:34.36,34.53 1 0
github.com/berezovskyivalerii/tickersvc/internal/adapter/gateway/postgres/lists_repo.go:35.2,35.15 1 2
github.com/berezovskyivalerii/tickersvc/internal/adapter/gateway/postgres/lists_repo.go:38.108,40.16 2 0
github.com/berezovskyivalerii/tickersvc/internal/adapter/gateway/postgres/lists_repo.go:40.16,40.33 1 0
github.com/berezovskyivalerii/tickersvc/internal/adapter/gateway/postgres/lists_repo.go:41.2,41.41 1 0
github.com/berezovskyivalerii/tickersvc/internal/adapter/gateway/postgres/lists_repo.go:41.41,41.75 2 0
github.com/berezovskyivalerii/tickersvc/internal/adapter/gateway/postgres/lists_repo.go:44.2,45.121 2 0
github.com/berezovskyivalerii/tickersvc/internal/adapter/gateway/postgres/lists_repo.go:45.121,47.3 1 0
github.com/berezovskyivalerii/tickersvc/internal/adapter/gateway/postgres/lists_repo.go:49.2,50.16 2 0
github.com/berezovskyivalerii/tickersvc/internal/adapter/gateway/postgres/lists_repo.go:50.16,50.40 1 0
github.com/berezovskyivalerii/tickersvc/internal/adapter/gateway/postgres/lists_repo.go:52.2,52.127 1 0
github.com/berezovskyivalerii/tickersvc/internal/adapter/gateway/postgres/lists_repo.go:52.127,54.3 1 0
github.com/berezovskyivalerii/tickersvc/internal/adapter/gateway/postgres/lists_repo.go:56.2,56.36 1 0
github.com/berezovskyivalerii/tickersvc/internal/adapter/gateway/postgres/lists_repo.go:56.36,56.53 1 0
github.com/berezovskyivalerii/tickersvc/internal/adapter/gateway/postgres/lists_repo.go:57.2,57.15 1 0
github.com/berezovskyivalerii/tickersvc/internal/adapter/gateway/postgres/lists_repo.go:61.103,63.100 1 2
github.com/berezovskyivalerii/tickersvc/internal/adapter/gateway/postgres/lists_repo.go:63.100,65.3 1 0
github.com/berezovskyivalerii/tickersvc/internal/adapter/gateway/postgres/lists_repo.go:68.2,68.21 1 2
github.com/berezovskyivalerii/tickersvc/internal/adapter/gateway/postgres/lists_repo.go:68.21,70.3 1 0
github.com/berezovskyivalerii/tickersvc/internal/adapter/gateway/postgres/lists_repo.go:73.2,77.27 4 2
github.com/berezovskyivalerii/tickersvc/internal/adapter/gateway/postgres/lists_repo.go:77.27,81.3 3 3
github.com/berezovskyivalerii/tickersvc/internal/adapter/gateway/postgres/lists_repo.go:83.2,84.59 2 2
github.com/berezovskyivalerii/tickersvc/internal/adapter/gateway/postgres/lists_repo.go:84.59,86.3 1 0
github.com/berezovskyivalerii/tickersvc/internal/adapter/gateway/postgres/lists_repo.go:87.2,87.24 1 2
github.com/berezovskyivalerii/tickersvc/internal/adapter/gateway/postgres/markets_repo.go:16.46,16.77 1 1
github.com/berezovskyivalerii/tickersvc/internal/adapter/gateway/postgres/markets_repo.go:23.120,25.16 2 2
github.com/berezovskyivalerii/tickersvc/internal/adapter/gateway/postgres/markets_repo.go:25.16,27.3 1 0
github.com/berezovskyivalerii/tickersvc/internal/adapter/gateway/postgres/markets_repo.go:28.2,28.51 1 2
github.com/berezovskyivalerii/tickersvc/internal/adapter/gateway/postgres/markets_repo.go:28.51,31.3 2 0
github.com/berezovskyivalerii/tickersvc/internal/adapter/gateway/postgres/markets_repo.go:34.2,34.114 1 2
github.com/berezovskyivalerii/tickersvc/internal/adapter/gateway/postgres/markets_repo.go:34.114,36.3 1 0
github.com/berezovskyivalerii/tickersvc/internal/adapter/gateway/postgres/markets_repo.go:39.2,39.20 1 2
github.com/berezovskyivalerii/tickersvc/internal/adapter/gateway/postgres/markets_repo.go:39.20,44.28 5 2
github.com/berezovskyivalerii/tickersvc/internal/adapter/gateway/postgres/markets_repo.go:44.28,52.30 6 4
github.com/berezovskyivalerii/tickersvc/internal/adapter/gateway/postgres/markets_repo.go:52.30,54.5 1 0
github.com/berezovskyivalerii/tickersvc/internal/adapter/gateway/postgres/markets_repo.go:54.10,56.5 1 4
github.com/berezovskyivalerii/tickersvc/internal/adapter/gateway/postgres/markets_repo.go:57.4,65.5 1 4
github.com/berezovskyivalerii/tickersvc/internal/adapter/gateway/postgres/markets_repo.go:68.3,71.60 2 2
github.com/berezovskyivalerii/tickersvc/internal/adapter/gateway/postgres/markets_repo.go:71.60,73.4 1 0
github.com/berezovskyivalerii/tickersvc/internal/adapter/gateway/postgres/markets_repo.go:77.2,91.84 3 2
github.com/berezovskyivalerii/tickersvc/internal/adapter/gateway/postgres/markets_repo.go:91.84,93.3 1 0
github.com/berezovskyivalerii/tickersvc/internal/adapter/gateway/postgres/markets_repo.go:96.2,121.86 3 2
github.com/berezovskyivalerii/tickersvc/internal/adapter/gateway/postgres/markets_repo.go:121.86,123.3 1 0
github.com/berezovskyivalerii/tickersvc/internal/adapter/gateway/postgres/markets_repo.go:126.2,143.88 3 2
github.com/berezovskyivalerii/tickersvc/internal/adapter/gateway/postgres/markets_repo.go:143.88,145.3 1 0
github.com/berezovskyivalerii/tickersvc/internal/adapter/gateway/postgres/markets_repo.go:147.2,147.36 1 2
github.com/berezovskyivalerii/tickersvc/internal/adapter/gateway/postgres/markets_repo.go:147.36,149.3 1 0
github.com/berezovskyivalerii/tickersvc/internal/adapter/gateway/postgres/markets_repo.go:150.2,150.38 1 2
github.com/berezovskyivalerii/tickersvc/internal/adapter/gateway/postgres/markets_repo.go:153.107,159.16 2 0
github.com/berezovskyivalerii/tickersvc/internal/adapter/gateway/postgres/markets_repo.go:159.16,159.35 1 0
github.com/berezovskyivalerii/tickersvc/internal/adapter/gateway/postgres/markets_repo.go:160.2,163.18 3 0
github.com/berezovskyivalerii/tickersvc/internal/adapter/gateway/postgres/markets_repo.go:163.18,167.110 4 0
github.com/berezovskyivalerii/tickersvc/internal/adapter/gateway/postgres/markets_repo.go:167.110,169.4 1 0
github.com/berezovskyivalerii/tickersvc/internal/adapter/gateway/postgres/markets_repo.go:170.3,170.17 1 0
github.com/berezovskyivalerii/tickersvc/internal/adapter/gateway/postgres/markets_repo.go:170.17,170.42 1 0
github.com/berezovskyivalerii/tickersvc/internal/adapter/gateway/postgres/markets_repo.go:171.3,171.16 1 0
github.com/berezovskyivalerii/tickersvc/internal/adapter/gateway/postgres/markets_repo.go:172.15,172.42 1 0
github.com/berezovskyivalerii/tickersvc/internal/adapter/gateway/postgres/markets_repo.go:173.18,173.48 1 0
github.com/berezovskyivalerii/tickersvc/internal/adapter/gateway/postgres/markets_repo.go:174.11,174.38 1 0
github.com/berezovskyivalerii/tickersvc/internal/adapter/gateway/postgres/markets_repo.go:176.3,176.24 1 0
github.com/berezovskyivalerii/tickersvc/internal/adapter/gateway/postgres/markets_repo.go:178.2,178.24 1 0
github.com/berezovskyivalerii/tickersvc/internal/pkg/symbols/symbols.go:24.63,29.27 3 10
github.com/berezovskyivalerii/tickersvc/internal/pkg/symbols/symbols.go:29.27,30.31 1 21
github.com/berezovskyivalerii/tickersvc/internal/pkg/symbols/symbols.go:30.31,32.23 2 6
github.com/berezovskyivalerii/tickersvc/internal/pkg/symbols/symbols.go:32.23,34.5 1 0
github.com/berezovskyivalerii/tickersvc/internal/pkg/symbols/symbols.go:35.4,35.17 1 6
github.com/berezovskyivalerii/tickersvc/internal/pkg/symbols/symbols.go:36.27,37.36 1 3
github.com/berezovskyivalerii/tickersvc/internal/pkg/symbols/symbols.go:38.27,39.36 1 2
github.com/berezovskyivalerii/tickersvc/internal/pkg/symbols/symbols.go:40.12,42.33 1 1
github.com/berezovskyivalerii/tickersvc/internal/pkg/symbols/symbols.go:42.33,44.6 1 1
github.com/berezovskyivalerii/tickersvc/internal/pkg/symbols/symbols.go:45.5,45.33 1 0
github.com/berezovskyivalerii/tickersvc/internal/pkg/symbols/symbols.go:45.33,47.6 1 0
github.com/berezovskyivalerii/tickersvc/internal/pkg/symbols/symbols.go:48.5,48.36 1 0
github.com/berezovskyivalerii/tickersvc/internal/pkg/symbols/symbols.go:54.2,55.23 2 4
github.com/berezovskyivalerii/tickersvc/internal/pkg/symbols/symbols.go:55.23,56.49 1 22
github.com/berezovskyivalerii/tickersvc/internal/pkg/symbols/symbols.go:56.49,59.4 2 4
github.com/berezovskyivalerii/tickersvc/internal/pkg/symbols/symbols.go:61.2,61.22 1 0
github.com/berezovskyivalerii/tickersvc/internal/pkg/symbols/symbols.go:64.36,65.32 1 1
github.com/berezovskyivalerii/tickersvc/internal/pkg/symbols/symbols.go:65.32,66.13 1 1
github.com/berezovskyivalerii/tickersvc/internal/pkg/symbols/symbols.go:66.13,68.4 1 1
github.com/berezovskyivalerii/tickersvc/internal/pkg/symbols/symbols.go:70.2,70.14 1 0
github.com/berezovskyivalerii/tickersvc/internal/pkg/symbols/symbols.go:74.39,75.25 1 4
github.com/berezovskyivalerii/tickersvc/internal/pkg/symbols/symbols.go:75.25,77.48 2 1
github.com/berezovskyivalerii/tickersvc/internal/pkg/symbols/symbols.go:77.48,77.102 1 28
github.com/berezovskyivalerii/tickersvc/internal/pkg/symbols/symbols.go:79.2,79.21 1 4
github.com/berezovskyivalerii/tickersvc/internal/usecase/markets/pretty.go:11.41,11.88 1 7
github.com/berezovskyivalerii/tickersvc/internal/usecase/markets/pretty.go:13.29,13.53 1 1
github.com/berezovskyivalerii/tickersvc/internal/usecase/markets/pretty.go:14.30,14.54 1 1
github.com/berezovskyivalerii/tickersvc/internal/usecase/markets/pretty.go:15.30,15.54 1 1
github.com/berezovskyivalerii/tickersvc/internal/usecase/markets/pretty.go:16.30,16.53 1 4
github.com/berezovskyivalerii/tickersvc/internal/usecase/markets/pretty.go:20.75,25.25 4 1
github.com/berezovskyivalerii/tickersvc/internal/usecase/markets/pretty.go:25.25,27.17 2 1
github.com/berezovskyivalerii/tickersvc/internal/usecase/markets/pretty.go:27.17,27.49 1 0
github.com/berezovskyivalerii/tickersvc/internal/usecase/markets/pretty.go:28.3,29.37 4 1
github.com/berezovskyivalerii/tickersvc/internal/usecase/markets/pretty.go:31.2,31.39 1 1
github.com/berezovskyivalerii/tickersvc/internal/usecase/markets/pretty.go:31.39,31.77 1 0
github.com/berezovskyivalerii/tickersvc/internal/usecase/markets/pretty.go:33.2,36.25 4 1
github.com/berezovskyivalerii/tickersvc/internal/usecase/markets/pretty.go:36.25,40.14 4 1
github.com/berezovskyivalerii/tickersvc/internal/usecase/markets/pretty.go:40.14,40.30 1 1
github.com/berezovskyivalerii/tickersvc/internal/usecase/markets/pretty.go:41.3,41.14 1 1
github.com/berezovskyivalerii/tickersvc/internal/usecase/markets/pretty.go:41.14,41.31 1 1
github.com/berezovskyivalerii/tickersvc/internal/usecase/markets/pretty.go:42.3,42.14 1 1
github.com/berezovskyivalerii/tickersvc/internal/usecase/markets/pretty.go:42.14,42.28 1 1
github.com/berezovskyivalerii/tickersvc/internal/usecase/markets/pretty.go:43.3,43.54 1 1
github.com/berezovskyivalerii/tickersvc/internal/usecase/markets/pretty.go:45.2,47.19 3 1
github.com/berezovskyivalerii/tickersvc/internal/usecase/markets/sync.go:20.43,21.21 1 2
github.com/berezovskyivalerii/tickersvc/internal/usecase/markets/sync.go:21.21,21.40 1 0
github.com/berezovskyivalerii/tickersvc/internal/usecase/markets/sync.go:22.2,22.23 1 2
github.com/berezovskyivalerii/tickersvc/internal/usecase/markets/sync.go:25.78,26.20 1 1
github.com/berezovskyivalerii/tickersvc/internal/usecase/markets/sync.go:26.20,26.52 1 0
github.com/berezovskyivalerii/tickersvc/internal/usecase/markets/sync.go:27.2,36.31 8 1
github.com/berezovskyivalerii/tickersvc/internal/usecase/markets/sync.go:36.31,39.13 3 1
github.com/berezovskyivalerii/tickersvc/internal/usecase/markets/sync.go:39.13,50.34 8 1
github.com/berezovskyivalerii/tickersvc/internal/usecase/markets/sync.go:50.34,55.5 8 0
github.com/berezovskyivalerii/tickersvc/internal/usecase/markets/sync.go:57.4,59.18 3 1
github.com/berezovskyivalerii/tickersvc/internal/usecase/markets/sync.go:59.18,64.5 8 0
github.com/berezovskyivalerii/tickersvc/internal/usecase/markets/sync.go:65.4,68.41 7 1
github.com/berezovskyivalerii/tickersvc/internal/usecase/markets/sync.go:71.2,79.26 4 1
github.com/berezovskyivalerii/tickersvc/internal/usecase/markets/sync.go:79.26,79.62 1 0
github.com/berezovskyivalerii/tickersvc/internal/usecase/markets/sync.go:80.2,80.17 1 1
github.com/berezovskyivalerii/tickersvc/internal/usecase/lists/build.go:14.75,19.31 4 12
github.com/berezovskyivalerii/tickersvc/internal/usecase/lists/build.go:19.31,23.15 3 16
github.com/berezovskyivalerii/tickersvc/internal/usecase/lists/build.go:24.27,26.26 1 9
github.com/berezovskyivalerii/tickersvc/internal/usecase/lists/build.go:27.19,29.27 1 3
github.com/berezovskyivalerii/tickersvc/internal/usecase/lists/build.go:30.18,32.45 1 4
github.com/berezovskyivalerii/tickersvc/internal/usecase/lists/build.go:33.11,34.27 1 0
github.com/berezovskyivalerii/tickersvc/internal/usecase/lists/build.go:36.3,36.14 1 16
github.com/berezovskyivalerii/tickersvc/internal/usecase/lists/build.go:36.14,36.24 1 5
github.com/berezovskyivalerii/tickersvc/internal/usecase/lists/build.go:38.3,39.29 2 11
github.com/berezovskyivalerii/tickersvc/internal/usecase/lists/build.go:39.29,39.53 1 3
github.com/berezovskyivalerii/tickersvc/internal/usecase/lists/build.go:40.3,40.60 1 11
github.com/berezovskyivalerii/tickersvc/internal/usecase/lists/build.go:42.2,42.39 1 12
github.com/berezovskyivalerii/tickersvc/internal/usecase/lists/build.go:42.39,42.77 1 2
github.com/berezovskyivalerii/tickersvc/internal/usecase/lists/build.go:43.2,43.13 1 12
github.com/berezovskyivalerii/tickersvc/internal/usecase/lists/build.go:48.38,49.20 1 1
github.com/berezovskyivalerii/tickersvc/internal/usecase/lists/build.go:49.20,51.3 1 0
github.com/berezovskyivalerii/tickersvc/internal/usecase/lists/build.go:52.2,53.25 2 1
github.com/berezovskyivalerii/tickersvc/internal/usecase/lists/build.go:53.25,54.12 1 2
github.com/berezovskyivalerii/tickersvc/internal/usecase/lists/build.go:54.12,56.4 1 1
github.com/berezovskyivalerii/tickersvc/internal/usecase/lists/build.go:57.3,59.27 3 2
github.com/berezovskyivalerii/tickersvc/internal/usecase/lists/build.go:61.2,62.19 2 1
github.com/berezovskyivalerii/tickersvc/internal/usecase/lists/build.go:73.57,75.27 2 12
github.com/berezovskyivalerii/tickersvc/internal/usecase/lists/build.go:75.27,78.18 3 13
github.com/berezovskyivalerii/tickersvc/internal/usecase/lists/build.go:79.20,82.18 3 10
github.com/berezovskyivalerii/tickersvc/internal/usecase/lists/build.go:82.18,82.38 1 4
github.com/berezovskyivalerii/tickersvc/internal/usecase/lists/build.go:82.43,82.67 1 6
github.com/berezovskyivalerii/tickersvc/internal/usecase/lists/build.go:83.23,84.24 1 3
github.com/berezovskyivalerii/tickersvc/internal/usecase/lists/build.go:86.3,86.15 1 13
github.com/berezovskyivalerii/tickersvc/internal/usecase/lists/build.go:88.2,88.10 1 12
github.com/berezovskyivalerii/tickersvc/internal/usecase/lists/build.go:96.59,100.27 3 12
github.com/berezovskyivalerii/tickersvc/internal/usecase/lists/build.go:100.27,102.18 2 22
github.com/berezovskyivalerii/tickersvc/internal/usecase/lists/build.go:103.20,104.25 1 17
github.com/berezovskyivalerii/tickersvc/internal/usecase/lists/build.go:104.25,106.5 1 16
github.com/berezovskyivalerii/tickersvc/internal/usecase/lists/build.go:107.4,107.53 1 17
github.com/berezovskyivalerii/tickersvc/internal/usecase/lists/build.go:108.23,110.51 1 5
github.com/berezovskyivalerii/tickersvc/internal/usecase/lists/build.go:110.51,112.5 1 5
github.com/berezovskyivalerii/tickersvc/internal/usecase/lists/build.go:117.2,120.30 3 12
github.com/berezovskyivalerii/tickersvc/internal/usecase/lists/build.go:120.30,122.31 2 16
github.com/berezovskyivalerii/tickersvc/internal/usecase/lists/build.go:122.31,123.27 1 22
github.com/berezovskyivalerii/tickersvc/internal/usecase/lists/build.go:123.27,125.10 2 16
github.com/berezovskyivalerii/tickersvc/internal/usecase/lists/build.go:129.3,129.19 1 16
github.com/berezovskyivalerii/tickersvc/internal/usecase/lists/build.go:129.19,130.26 1 0
github.com/berezovskyivalerii/tickersvc/internal/usecase/lists/build.go:130.26,132.10 2 0
github.com/berezovskyivalerii/tickersvc/internal/usecase/lists/build.go:135.3,138.4 1 16
github.com/berezovskyivalerii/tickersvc/internal/usecase/lists/build.go:140.2,140.12 1 12
github.com/berezovskyivalerii/tickersvc/internal/usecase/lists/normalize.go:34.57,36.27 2 1
github.com/berezovskyivalerii/tickersvc/internal/usecase/lists/normalize.go:36.27,37.29 1 4
github.com/berezovskyivalerii/tickersvc/internal/usecase/lists/normalize.go:37.29,38.12 1 1
github.com/berezovskyivalerii/tickersvc/internal/usecase/lists/normalize.go:40.3,43.23 4 3
github.com/berezovskyivalerii/tickersvc/internal/usecase/lists/normalize.go:43.23,45.4 1 3
github.com/berezovskyivalerii/tickersvc/internal/usecase/lists/normalize.go:46.3,48.21 3 3
github.com/berezovskyivalerii/tickersvc/internal/usecase/lists/normalize.go:48.21,50.4 1 1
github.com/berezovskyivalerii/tickersvc/internal/usecase/lists/normalize.go:50.9,52.4 1 2
github.com/berezovskyivalerii/tickersvc/internal/usecase/lists/normalize.go:53.3,53.15 1 3
github.com/berezovskyivalerii/tickersvc/internal/usecase/lists/normalize.go:55.2,55.10 1 1
github.com/berezovskyivalerii/tickersvc/internal/usecase/lists/normalize.go:59.62,64.27 3 1
github.com/berezovskyivalerii/tickersvc/internal/usecase/lists/normalize.go:64.27,66.18 2 6
github.com/berezovskyivalerii/tickersvc/internal/usecase/lists/normalize.go:67.20,68.25 1 4
github.com/berezovskyivalerii/tickersvc/internal/usecase/lists/normalize.go:68.25,70.5 1 3
github.com/berezovskyivalerii/tickersvc/internal/usecase/lists/normalize.go:71.4,71.53 1 4
github.com/berezovskyivalerii/tickersvc/internal/usecase/lists/normalize.go:72.23,74.32 1 2
github.com/berezovskyivalerii/tickersvc/internal/usecase/lists/normalize.go:74.32,76.5 1 2
github.com/berezovskyivalerii/tickersvc/internal/usecase/lists/normalize.go:80.2,81.32 2 1
github.com/berezovskyivalerii/tickersvc/internal/usecase/lists/normalize.go:81.32,84.31 2 3
github.com/berezovskyivalerii/tickersvc/internal/usecase/lists/normalize.go:84.31,85.29 1 11
github.com/berezovskyivalerii/tickersvc/internal/usecase/lists/normalize.go:85.29,87.10 2 3
github.com/berezovskyivalerii/tickersvc/internal/usecase/lists/normalize.go:90.3,90.19 1 3
github.com/berezovskyivalerii/tickersvc/internal/usecase/lists/normalize.go:90.19,91.28 1 0
github.com/berezovskyivalerii/tickersvc/internal/usecase/lists/normalize.go:91.28,91.47 2 0
github.com/berezovskyivalerii/tickersvc/internal/usecase/lists/normalize.go:93.3,94.45 2 3
github.com/berezovskyivalerii/tickersvc/internal/usecase/lists/normalize.go:94.45,96.4 1 1
github.com/berezovskyivalerii/tickersvc/internal/usecase/lists/normalize.go:97.3,97.64 1 3
github.com/berezovskyivalerii/tickersvc/internal/usecase/lists/normalize.go:99.2,99.12 1 1
github.com/berezovskyivalerii/tickersvc/internal/usecase/lists/normalize.go:104.89,106.28 2 4
github.com/berezovskyivalerii/tickersvc/internal/usecase/lists/normalize.go:106.28,109.15 3 12
github.com/berezovskyivalerii/tickersvc/internal/usecase/lists/normalize.go:110.27,112.20 1 6
github.com/berezovskyivalerii/tickersvc/internal/usecase/lists/normalize.go:112.20,114.5 1 2
github.com/berezovskyivalerii/tickersvc/internal/usecase/lists/normalize.go:115.19,117.17 1 3
github.com/berezovskyivalerii/tickersvc/internal/usecase/lists/normalize.go:117.17,119.5 1 2
github.com/berezovskyivalerii/tickersvc/internal/usecase/lists/normalize.go:120.11,122.17 1 3
github.com/berezovskyivalerii/tickersvc/internal/usecase/lists/normalize.go:122.17,124.5 1 2
github.com/berezovskyivalerii/tickersvc/internal/usecase/lists/normalize.go:126.3,126.14 1 12
github.com/berezovskyivalerii/tickersvc/internal/usecase/lists/normalize.go:126.14,127.12 1 6
github.com/berezovskyivalerii/tickersvc/internal/usecase/lists/normalize.go:129.3,130.57 2 6
github.com/berezovskyivalerii/tickersvc/internal/usecase/lists/normalize.go:130.57,132.4 1 2
github.com/berezovskyivalerii/tickersvc/internal/usecase/lists/normalize.go:133.3,133.60 1 6
github.com/berezovskyivalerii/tickersvc/internal/usecase/lists/normalize.go:137.2,137.39 1 4
github.com/berezovskyivalerii/tickersvc/internal/usecase/lists/normalize.go:137.39,137.77 1 2
github.com/berezovskyivalerii/tickersvc/internal/usecase/lists/normalize.go:138.2,138.13 1 4
github.com/berezovskyivalerii/tickersvc/internal/usecase/lists/persist.go:16.46,18.25 2 3
github.com/berezovskyivalerii/tickersvc/internal/usecase/lists/persist.go:18.25,20.45 2 6
github.com/berezovskyivalerii/tickersvc/internal/usecase/lists/persist.go:20.45,22.4 1 3
github.com/berezovskyivalerii/tickersvc/internal/usecase/lists/persist.go:23.3,23.61 1 6
github.com/berezovskyivalerii/tickersvc/internal/usecase/lists/persist.go:25.2,25.12 1 3
github.com/berezovskyivalerii/tickersvc/internal/usecase/lists/persist.go:30.133,34.2 3 2
github.com/berezovskyivalerii/tickersvc/internal/usecase/lists/update.go:16.46,17.20 1 0
github.com/berezovskyivalerii/tickersvc/internal/usecase/lists/update.go:18.15,18.30 1 0
github.com/berezovskyivalerii/tickersvc/internal/usecase/lists/update.go:19.17,19.34 1 0
github.com/berezovskyivalerii/tickersvc/internal/usecase/lists/update.go:20.18,20.36 1 0
github.com/berezovskyivalerii/tickersvc/internal/usecase/lists/update.go:21.17,21.34 1 0
github.com/berezovskyivalerii/tickersvc/internal/usecase/lists/update.go:22.10,22.28 1 0
github.com/berezovskyivalerii/tickersvc/internal/usecase/lists/update.go:27.103,29.16 2 0
github.com/berezovskyivalerii/tickersvc/internal/usecase/lists/update.go:29.16,29.35 1 0
github.com/berezovskyivalerii/tickersvc/internal/usecase/lists/update.go:31.2,32.25 2 0
github.com/berezovskyivalerii/tickersvc/internal/usecase/lists/update.go:32.25,35.17 2 0
github.com/berezovskyivalerii/tickersvc/internal/usecase/lists/update.go:35.17,35.36 1 0
github.com/berezovskyivalerii/tickersvc/internal/usecase/lists/update.go:36.3,37.17 2 0
github.com/berezovskyivalerii/tickersvc/internal/usecase/lists/update.go:37.17,37.36 1 0
github.com/berezovskyivalerii/tickersvc/internal/usecase/lists/update.go:39.3,41.17 3 0
github.com/berezovskyivalerii/tickersvc/internal/usecase/lists/update.go:41.17,41.36 1 0
github.com/berezovskyivalerii/tickersvc/internal/usecase/lists/update.go:42.3,42.28 1 0
github.com/berezovskyivalerii/tickersvc/internal/usecase/lists/update.go:44.2,44.20 1 0
